# JRE version: Java(TM) SE Runtime Environment (19.0.1+10) (build 19.0.1+10-21)
# Java VM: Java HotSpot(TM) 64-Bit Server VM (19.0.1+10-21, mixed mode, sharing, tiered, compressed oops, compressed class ptrs, g1 gc, windows-amd64)
GC Precious Log:
 CardTable entry size: 512
 Card Set container configuration: InlinePtr #cards 5 size 8 Array Of Cards #cards 12 size 40 Howl #buckets 4 coarsen threshold 1843 Howl Bitmap #cards 512 size 80 coarsen threshold 460 Card regions per heap region 1 cards per card region 2048
 CPUs: 4 total, 4 available
 Memory: 3900M
 Large Page Support: Disabled
 NUMA Support: Disabled
 Compressed Oops: Enabled (32-bit)
 Heap Region Size: 1M
 Heap Min Capacity: 8M
 Heap Initial Capacity: 62M
 Heap Max Capacity: 976M
 Pre-touch: Disabled
 Parallel Workers: 4
 Concurrent Workers: 1
 Concurrent Refinement Workers: 4
 Periodic GC: Disabled
Heap:
 garbage-first heap   total 52224K, used 29019K [0x00000000c3000000, 0x0000000100000000)
  region size 1024K, 11 young (11264K), 2 survivors (2048K)
 Metaspace       used 36269K, committed 36800K, reserved 1114112K
  class space    used 4564K, committed 4800K, reserved 1048576K
GC Heap History (20 events):
Event: 6.158 GC heap before
{Heap before GC invocations=0 (full 0):
 garbage-first heap   total 63488K, used 13312K [0x00000000c3000000, 0x0000000100000000)
  region size 1024K, 13 young (13312K), 0 survivors (0K)
 Metaspace       used 2351K, committed 2496K, reserved 1114112K
  class space    used 193K, committed 256K, reserved 1048576K
}
Event: 6.180 GC heap after
{Heap after GC invocations=1 (full 0):
 garbage-first heap   total 63488K, used 6685K [0x00000000c3000000, 0x0000000100000000)
  region size 1024K, 2 young (2048K), 2 survivors (2048K)
 Metaspace       used 2351K, committed 2496K, reserved 1114112K
  class space    used 193K, committed 256K, reserved 1048576K
}
Event: 9.763 GC heap before
{Heap before GC invocations=1 (full 0):
 garbage-first heap   total 63488K, used 18973K [0x00000000c3000000, 0x0000000100000000)
  region size 1024K, 14 young (14336K), 2 survivors (2048K)
 Metaspace       used 5485K, committed 5696K, reserved 1114112K
  class space    used 594K, committed 704K, reserved 1048576K
}
Event: 9.771 GC heap after
{Heap after GC invocations=2 (full 0):
 garbage-first heap   total 63488K, used 7886K [0x00000000c3000000, 0x0000000100000000)
  region size 1024K, 2 young (2048K), 2 survivors (2048K)
 Metaspace       used 5485K, committed 5696K, reserved 1114112K
  class space    used 594K, committed 704K, reserved 1048576K
}
Event: 12.988 GC heap before
{Heap before GC invocations=2 (full 0):
 garbage-first heap   total 63488K, used 26318K [0x00000000c3000000, 0x0000000100000000)
  region size 1024K, 21 young (21504K), 2 survivors (2048K)
 Metaspace       used 9999K, committed 10240K, reserved 1114112K
  class space    used 1200K, committed 1280K, reserved 1048576K
}
Event: 12.995 GC heap after
{Heap after GC invocations=3 (full 0):
 garbage-first heap   total 63488K, used 9152K [0x00000000c3000000, 0x0000000100000000)
  region size 1024K, 3 young (3072K), 3 survivors (3072K)
 Metaspace       used 9999K, committed 10240K, reserved 1114112K
  class space    used 1200K, committed 1280K, reserved 1048576K
}
Event: 16.201 GC heap before
{Heap before GC invocations=3 (full 0):
 garbage-first heap   total 63488K, used 36800K [0x00000000c3000000, 0x0000000100000000)
  region size 1024K, 31 young (31744K), 3 survivors (3072K)
 Metaspace       used 15957K, committed 16256K, reserved 1114112K
  class space    used 1972K, committed 2112K, reserved 1048576K
}
Event: 16.211 GC heap after
{Heap after GC invocations=4 (full 0):
 garbage-first heap   total 63488K, used 10766K [0x00000000c3000000, 0x0000000100000000)
  region size 1024K, 3 young (3072K), 3 survivors (3072K)
 Metaspace       used 15957K, committed 16256K, reserved 1114112K
  class space    used 1972K, committed 2112K, reserved 1048576K
}
Event: 28.895 GC heap before
{Heap before GC invocations=4 (full 0):
 garbage-first heap   total 63488K, used 37390K [0x00000000c3000000, 0x0000000100000000)
  region size 1024K, 31 young (31744K), 3 survivors (3072K)
 Metaspace       used 21255K, committed 21504K, reserved 1114112K
  class space    used 2534K, committed 2688K, reserved 1048576K
}
Event: 28.908 GC heap after
{Heap after GC invocations=5 (full 0):
 garbage-first heap   total 63488K, used 14094K [0x00000000c3000000, 0x0000000100000000)
  region size 1024K, 5 young (5120K), 5 survivors (5120K)
 Metaspace       used 21255K, committed 21504K, reserved 1114112K
  class space    used 2534K, committed 2688K, reserved 1048576K
}
Event: 31.665 GC heap before
{Heap before GC invocations=6 (full 0):
 garbage-first heap   total 51200K, used 43790K [0x00000000c3000000, 0x0000000100000000)
  region size 1024K, 34 young (34816K), 5 survivors (5120K)
 Metaspace       used 24572K, committed 24896K, reserved 1114112K
  class space    used 2932K, committed 3072K, reserved 1048576K
}
Event: 31.679 GC heap after
{Heap after GC invocations=7 (full 0):
 garbage-first heap   total 52224K, used 15930K [0x00000000c3000000, 0x0000000100000000)
  region size 1024K, 3 young (3072K), 3 survivors (3072K)
 Metaspace       used 24572K, committed 24896K, reserved 1114112K
  class space    used 2932K, committed 3072K, reserved 1048576K
}
Event: 33.826 GC heap before
{Heap before GC invocations=7 (full 0):
 garbage-first heap   total 52224K, used 36410K [0x00000000c3000000, 0x0000000100000000)
  region size 1024K, 23 young (23552K), 3 survivors (3072K)
 Metaspace       used 27708K, committed 28032K, reserved 1114112K
  class space    used 3439K, committed 3584K, reserved 1048576K
}
Event: 33.838 GC heap after
{Heap after GC invocations=8 (full 0):
 garbage-first heap   total 52224K, used 17194K [0x00000000c3000000, 0x0000000100000000)
  region size 1024K, 2 young (2048K), 2 survivors (2048K)
 Metaspace       used 27708K, committed 28032K, reserved 1114112K
  class space    used 3439K, committed 3584K, reserved 1048576K
}
Event: 36.721 GC heap before
{Heap before GC invocations=8 (full 0):
 garbage-first heap   total 52224K, used 37674K [0x00000000c3000000, 0x0000000100000000)
  region size 1024K, 22 young (22528K), 2 survivors (2048K)
 Metaspace       used 31451K, committed 31808K, reserved 1114112K
  class space    used 3925K, committed 4096K, reserved 1048576K
}
Event: 36.734 GC heap after
{Heap after GC invocations=9 (full 0):
 garbage-first heap   total 52224K, used 19221K [0x00000000c3000000, 0x0000000100000000)
  region size 1024K, 3 young (3072K), 3 survivors (3072K)
 Metaspace       used 31451K, committed 31808K, reserved 1114112K
  class space    used 3925K, committed 4096K, reserved 1048576K
}
Event: 48.128 GC heap before
{Heap before GC invocations=9 (full 0):
 garbage-first heap   total 52224K, used 38677K [0x00000000c3000000, 0x0000000100000000)
  region size 1024K, 22 young (22528K), 3 survivors (3072K)
 Metaspace       used 35338K, committed 35840K, reserved 1114112K
  class space    used 4405K, committed 4608K, reserved 1048576K
}
Event: 48.148 GC heap after
{Heap after GC invocations=10 (full 0):
 garbage-first heap   total 52224K, used 20904K [0x00000000c3000000, 0x0000000100000000)
  region size 1024K, 2 young (2048K), 2 survivors (2048K)
 Metaspace       used 35338K, committed 35840K, reserved 1114112K
  class space    used 4405K, committed 4608K, reserved 1048576K
}
Event: 48.305 GC heap before
{Heap before GC invocations=10 (full 0):
 garbage-first heap   total 52224K, used 21928K [0x00000000c3000000, 0x0000000100000000)
  region size 1024K, 4 young (4096K), 2 survivors (2048K)
 Metaspace       used 35514K, committed 35968K, reserved 1114112K
  class space    used 4427K, committed 4608K, reserved 1048576K
}
Event: 48.313 GC heap after
{Heap after GC invocations=11 (full 0):
 garbage-first heap   total 52224K, used 20827K [0x00000000c3000000, 0x0000000100000000)
  region size 1024K, 2 young (2048K), 2 survivors (2048K)
 Metaspace       used 35514K, committed 35968K, reserved 1114112K
  class space    used 4427K, committed 4608K, reserved 1048576K
}

